<?xml version="1.0" encoding="UTF-8"?>
<!-- Generated by org.testng.reporters.JUnitReportReporter -->
<testsuite skipped="0" hostname="Vivek" name="com.Milewise.Tests.LoginTest" tests="1" failures="0" timestamp="2021-06-19T22:42:29 IST" time="8.521" errors="0">
  <testcase name="LoginMethodTest" time="8.521" classname="com.Milewise.Tests.LoginTest"/>
  <system-out/>
</testsuite> <!-- com.Milewise.Tests.LoginTest -->
