<?xml version="1.0" encoding="UTF-8"?>
<!-- Generated by org.testng.reporters.JUnitReportReporter -->
<testsuite name="com.Milewise.Tests.LoginTest" tests="1" time="5.493" ignored="1" failures="0" timestamp="19 Jun 2021 17:46:10 GMT" skipped="0" hostname="Vivek" errors="0">
  <testcase name="LoginMethodTest" time="5.493" classname="com.Milewise.Tests.LoginTest"/>
  <testcase name="suiteSetup" classname="com.Milewise.Pages.BaseClass">
    <skipped/>
  </testcase> <!-- suiteSetup -->
</testsuite> <!-- com.Milewise.Tests.LoginTest -->
